[12-Mar-2024 07:17:14 UTC] PHP Fatal error:  Uncaught Error: Call to undefined function wp_rest_postdata() in D:\xampp\htdocs\lingesh_wp\wp-content\themes\twentytwentyfour\functions.php:311
Stack trace:
#0 D:\xampp\htdocs\lingesh_wp\wp-includes\shortcodes.php(433): testimonials_list_shortcode('', '', 'testimonials_de...')
#1 [internal function]: do_shortcode_tag(Array)
#2 D:\xampp\htdocs\lingesh_wp\wp-includes\shortcodes.php(273): preg_replace_callback('/\\[(\\[?)(testim...', 'do_shortcode_ta...', '\n<p></p>\n\n\n\n<p>...')
#3 D:\xampp\htdocs\lingesh_wp\wp-includes\class-wp-hook.php(324): do_shortcode('\n<p></p>\n\n\n\n<p>...')
#4 D:\xampp\htdocs\lingesh_wp\wp-includes\plugin.php(205): WP_Hook->apply_filters('\n<p></p>\n\n\n\n<p>...', Array)
#5 D:\xampp\htdocs\lingesh_wp\wp-includes\rest-api\endpoints\class-wp-rest-posts-controller.php(1863): apply_filters('the_content', '<!-- wp:paragra...')
#6 D:\xampp\htdocs\lingesh_wp\wp-includes\rest-api\endpoints\class-wp-rest-posts-controller.php(952): WP_REST_Posts_Controller->prepare_item_for_response(Object(WP in D:\xampp\htdocs\lingesh_wp\wp-content\themes\twentytwentyfour\functions.php on line 311
[12-Mar-2024 07:17:45 UTC] PHP Fatal error:  Uncaught Error: Call to undefined function wp_rest_postdata() in D:\xampp\htdocs\lingesh_wp\wp-content\themes\twentytwentyfour\functions.php:311
Stack trace:
#0 D:\xampp\htdocs\lingesh_wp\wp-includes\shortcodes.php(433): testimonials_list_shortcode('', '', 'testimonials_de...')
#1 [internal function]: do_shortcode_tag(Array)
#2 D:\xampp\htdocs\lingesh_wp\wp-includes\shortcodes.php(273): preg_replace_callback('/\\[(\\[?)(testim...', 'do_shortcode_ta...', '\n<p></p>\n\n\n\n<p>...')
#3 D:\xampp\htdocs\lingesh_wp\wp-includes\class-wp-hook.php(324): do_shortcode('\n<p></p>\n\n\n\n<p>...')
#4 D:\xampp\htdocs\lingesh_wp\wp-includes\plugin.php(205): WP_Hook->apply_filters('\n<p></p>\n\n\n\n<p>...', Array)
#5 D:\xampp\htdocs\lingesh_wp\wp-includes\rest-api\endpoints\class-wp-rest-revisions-controller.php(620): apply_filters('the_content', '<!-- wp:paragra...')
#6 D:\xampp\htdocs\lingesh_wp\wp-includes\rest-api\endpoints\class-wp-rest-autosaves-controller.php(451): WP_REST_Revisions_Controller->prepare_item_for_respons in D:\xampp\htdocs\lingesh_wp\wp-content\themes\twentytwentyfour\functions.php on line 311
[13-Mar-2024 10:33:20 UTC] PHP Deprecated:  Function wp_update_https_detection_errors is deprecated since version 6.4.0 with no alternative available. in D:\xampp\htdocs\lingesh_wp\wp-includes\functions.php on line 6031
[14-Mar-2024 18:50:25 UTC] PHP Fatal error:  Uncaught ArgumentCountError: Too few arguments to function WP_Widget::__construct(), 0 passed in D:\xampp\htdocs\lingesh_wp\wp-includes\class-wp-widget-factory.php on line 62 and at least 2 expected in D:\xampp\htdocs\lingesh_wp\wp-includes\class-wp-widget.php:163
Stack trace:
#0 D:\xampp\htdocs\lingesh_wp\wp-includes\class-wp-widget-factory.php(62): WP_Widget->__construct()
#1 D:\xampp\htdocs\lingesh_wp\wp-includes\widgets.php(115): WP_Widget_Factory->register('My_Custom_Widge...')
#2 D:\xampp\htdocs\lingesh_wp\wp-content\themes\twentytwentyfour\functions.php(443): register_widget('My_Custom_Widge...')
#3 D:\xampp\htdocs\lingesh_wp\wp-includes\class-wp-hook.php(324): register_my_custom_widget('')
#4 D:\xampp\htdocs\lingesh_wp\wp-includes\class-wp-hook.php(348): WP_Hook->apply_filters(NULL, Array)
#5 D:\xampp\htdocs\lingesh_wp\wp-includes\plugin.php(517): WP_Hook->do_action(Array)
#6 D:\xampp\htdocs\lingesh_wp\wp-includes\widgets.php(1858): do_action('widgets_init')
#7 D:\xampp\htdocs\lingesh_wp\wp-includes\c in D:\xampp\htdocs\lingesh_wp\wp-includes\class-wp-widget.php on line 163
[14-Mar-2024 18:50:28 UTC] PHP Fatal error:  Uncaught ArgumentCountError: Too few arguments to function WP_Widget::__construct(), 0 passed in D:\xampp\htdocs\lingesh_wp\wp-includes\class-wp-widget-factory.php on line 62 and at least 2 expected in D:\xampp\htdocs\lingesh_wp\wp-includes\class-wp-widget.php:163
Stack trace:
#0 D:\xampp\htdocs\lingesh_wp\wp-includes\class-wp-widget-factory.php(62): WP_Widget->__construct()
#1 D:\xampp\htdocs\lingesh_wp\wp-includes\widgets.php(115): WP_Widget_Factory->register('My_Custom_Widge...')
#2 D:\xampp\htdocs\lingesh_wp\wp-content\themes\twentytwentyfour\functions.php(443): register_widget('My_Custom_Widge...')
#3 D:\xampp\htdocs\lingesh_wp\wp-includes\class-wp-hook.php(324): register_my_custom_widget('')
#4 D:\xampp\htdocs\lingesh_wp\wp-includes\class-wp-hook.php(348): WP_Hook->apply_filters(NULL, Array)
#5 D:\xampp\htdocs\lingesh_wp\wp-includes\plugin.php(517): WP_Hook->do_action(Array)
#6 D:\xampp\htdocs\lingesh_wp\wp-includes\widgets.php(1858): do_action('widgets_init')
#7 D:\xampp\htdocs\lingesh_wp\wp-includes\c in D:\xampp\htdocs\lingesh_wp\wp-includes\class-wp-widget.php on line 163
[14-Mar-2024 18:51:26 UTC] PHP Fatal error:  Uncaught ArgumentCountError: Too few arguments to function WP_Widget::__construct(), 0 passed in D:\xampp\htdocs\lingesh_wp\wp-includes\class-wp-widget-factory.php on line 62 and at least 2 expected in D:\xampp\htdocs\lingesh_wp\wp-includes\class-wp-widget.php:163
Stack trace:
#0 D:\xampp\htdocs\lingesh_wp\wp-includes\class-wp-widget-factory.php(62): WP_Widget->__construct()
#1 D:\xampp\htdocs\lingesh_wp\wp-includes\widgets.php(115): WP_Widget_Factory->register('My_Custom_Widge...')
#2 D:\xampp\htdocs\lingesh_wp\wp-content\themes\twentytwentyfour\functions.php(443): register_widget('My_Custom_Widge...')
#3 D:\xampp\htdocs\lingesh_wp\wp-includes\class-wp-hook.php(324): register_my_custom_widget('')
#4 D:\xampp\htdocs\lingesh_wp\wp-includes\class-wp-hook.php(348): WP_Hook->apply_filters(NULL, Array)
#5 D:\xampp\htdocs\lingesh_wp\wp-includes\plugin.php(517): WP_Hook->do_action(Array)
#6 D:\xampp\htdocs\lingesh_wp\wp-includes\widgets.php(1858): do_action('widgets_init')
#7 D:\xampp\htdocs\lingesh_wp\wp-includes\c in D:\xampp\htdocs\lingesh_wp\wp-includes\class-wp-widget.php on line 163
[14-Mar-2024 18:53:27 UTC] PHP Fatal error:  Uncaught ArgumentCountError: Too few arguments to function WP_Widget::__construct(), 0 passed in D:\xampp\htdocs\lingesh_wp\wp-includes\class-wp-widget-factory.php on line 62 and at least 2 expected in D:\xampp\htdocs\lingesh_wp\wp-includes\class-wp-widget.php:163
Stack trace:
#0 D:\xampp\htdocs\lingesh_wp\wp-includes\class-wp-widget-factory.php(62): WP_Widget->__construct()
#1 D:\xampp\htdocs\lingesh_wp\wp-includes\widgets.php(115): WP_Widget_Factory->register('My_Custom_Widge...')
#2 D:\xampp\htdocs\lingesh_wp\wp-content\themes\twentytwentyfour\functions.php(443): register_widget('My_Custom_Widge...')
#3 D:\xampp\htdocs\lingesh_wp\wp-includes\class-wp-hook.php(324): register_my_custom_widget('')
#4 D:\xampp\htdocs\lingesh_wp\wp-includes\class-wp-hook.php(348): WP_Hook->apply_filters(NULL, Array)
#5 D:\xampp\htdocs\lingesh_wp\wp-includes\plugin.php(517): WP_Hook->do_action(Array)
#6 D:\xampp\htdocs\lingesh_wp\wp-includes\widgets.php(1858): do_action('widgets_init')
#7 D:\xampp\htdocs\lingesh_wp\wp-includes\c in D:\xampp\htdocs\lingesh_wp\wp-includes\class-wp-widget.php on line 163
[14-Mar-2024 18:55:28 UTC] PHP Fatal error:  Uncaught ArgumentCountError: Too few arguments to function WP_Widget::__construct(), 0 passed in D:\xampp\htdocs\lingesh_wp\wp-includes\class-wp-widget-factory.php on line 62 and at least 2 expected in D:\xampp\htdocs\lingesh_wp\wp-includes\class-wp-widget.php:163
Stack trace:
#0 D:\xampp\htdocs\lingesh_wp\wp-includes\class-wp-widget-factory.php(62): WP_Widget->__construct()
#1 D:\xampp\htdocs\lingesh_wp\wp-includes\widgets.php(115): WP_Widget_Factory->register('My_Custom_Widge...')
#2 D:\xampp\htdocs\lingesh_wp\wp-content\themes\twentytwentyfour\functions.php(443): register_widget('My_Custom_Widge...')
#3 D:\xampp\htdocs\lingesh_wp\wp-includes\class-wp-hook.php(324): register_my_custom_widget('')
#4 D:\xampp\htdocs\lingesh_wp\wp-includes\class-wp-hook.php(348): WP_Hook->apply_filters(NULL, Array)
#5 D:\xampp\htdocs\lingesh_wp\wp-includes\plugin.php(517): WP_Hook->do_action(Array)
#6 D:\xampp\htdocs\lingesh_wp\wp-includes\widgets.php(1858): do_action('widgets_init')
#7 D:\xampp\htdocs\lingesh_wp\wp-includes\c in D:\xampp\htdocs\lingesh_wp\wp-includes\class-wp-widget.php on line 163
[14-Mar-2024 19:06:54 UTC] PHP Fatal error:  Cannot redeclare register_custom_widgets() (previously declared in D:\xampp\htdocs\lingesh_wp\wp-content\themes\twentytwentyfour\functions.php:517) in D:\xampp\htdocs\lingesh_wp\wp-content\themes\twentytwentyfour\functions.php on line 523
[14-Mar-2024 19:06:54 UTC] PHP Notice:  Trying to access array offset on value of type bool in D:\xampp\htdocs\lingesh_wp\wp-includes\class-wp-recovery-mode-email-service.php on line 367
[14-Mar-2024 19:06:54 UTC] PHP Notice:  Trying to access array offset on value of type bool in D:\xampp\htdocs\lingesh_wp\wp-includes\class-wp-recovery-mode-email-service.php on line 368
[14-Mar-2024 19:12:54 UTC] PHP Notice:  Undefined index: number_of_testimonials in D:\xampp\htdocs\lingesh_wp\wp-content\themes\twentytwentyfour\functions.php on line 462
[14-Mar-2024 19:12:55 UTC] PHP Notice:  Undefined index: number_of_testimonials in D:\xampp\htdocs\lingesh_wp\wp-content\themes\twentytwentyfour\functions.php on line 462
[14-Mar-2024 19:28:12 UTC] PHP Notice:  Undefined index: number_of_testimonials in D:\xampp\htdocs\lingesh_wp\wp-content\themes\twentytwentyfour\functions.php on line 474
